<?xml version="1.0" encoding="UTF-8"?>
<testng-results skipped="0" failed="0" ignored="0" total="1" passed="1">
  <reporter-output>
  </reporter-output>
  <suite name="Default suite" duration-ms="45359" started-at="2019-02-23T16:29:28Z" finished-at="2019-02-23T16:30:13Z">
    <groups>
    </groups>
    <test name="Default test" duration-ms="45359" started-at="2019-02-23T16:29:28Z" finished-at="2019-02-23T16:30:13Z">
      <class name="com.mes.test.smoke.TestSample">
        <test-method status="PASS" signature="preCondition()[pri:0, instance:com.mes.test.smoke.TestSample@8bd1b6a]" name="preCondition" is-config="true" duration-ms="45028" started-at="2019-02-23T16:29:28Z" finished-at="2019-02-23T16:30:13Z">
          <reporter-output>
          </reporter-output>
        </test-method> <!-- preCondition -->
        <test-method status="PASS" signature="test_sample()[pri:0, instance:com.mes.test.smoke.TestSample@8bd1b6a]" name="test_sample" duration-ms="51" started-at="2019-02-23T16:30:13Z" finished-at="2019-02-23T16:30:13Z">
          <reporter-output>
          </reporter-output>
        </test-method> <!-- test_sample -->
        <test-method status="PASS" signature="postCondition()[pri:0, instance:com.mes.test.smoke.TestSample@8bd1b6a]" name="postCondition" is-config="true" duration-ms="244" started-at="2019-02-23T16:30:13Z" finished-at="2019-02-23T16:30:13Z">
          <reporter-output>
          </reporter-output>
        </test-method> <!-- postCondition -->
      </class> <!-- com.mes.test.smoke.TestSample -->
    </test> <!-- Default test -->
  </suite> <!-- Default suite -->
</testng-results>
